<?xml version="1.0" encoding="UTF-8"?>
<!-- Generated by org.testng.reporters.JUnitReportReporter -->
<testsuite hostname="PRO-IND-1437" failures="0" tests="1" name="Testcases.TC002" time="202.672" errors="0" timestamp="2023-03-21T14:44:30 IST" skipped="0">
  <testcase classname="Testcases.TC002" name="scenario2" time="202.672"/>
  <system-out/>
</testsuite> <!-- Testcases.TC002 -->
