<?xml version="1.0" encoding="UTF-8"?>
<!-- Generated by org.testng.reporters.JUnitReportReporter -->
<testsuite hostname="PRO-IND-1437" failures="0" tests="1" name="Testcases.TC001" time="296.951" errors="0" timestamp="2023-03-21T14:44:30 IST" skipped="0">
  <testcase classname="Testcases.TC001" name="Scenario1" time="296.951"/>
  <system-out/>
</testsuite> <!-- Testcases.TC001 -->
